P_val 	T_val 	x_val 	y_val 	y_calc	absolute_deviation 	relative_deviation_%
0.463200E+01	0.298150E+03	0.000000E+00	0.218800E-01	0.217511E-01	0.128893E-03	0.589090E+00
0.282800E+01	0.298150E+03	0.000000E+00	0.149500E-01	0.149943E-01	-.442753E-04	-.296156E+00
0.132000E+01	0.298150E+03	0.000000E+00	0.770000E-02	0.767515E-02	0.248453E-04	0.322666E+00
0.261000E+00	0.298150E+03	0.000000E+00	0.158000E-02	0.162579E-02	-.457882E-04	-.289799E+01
0.459000E+01	0.293150E+03	0.000000E+00	0.224300E-01	0.227880E-01	-.358002E-03	-.159609E+01
0.279000E+01	0.293150E+03	0.000000E+00	0.163800E-01	0.164148E-01	-.348280E-04	-.212625E+00
0.129100E+01	0.293150E+03	0.000000E+00	0.861000E-02	0.855127E-02	0.587295E-04	0.682108E+00
0.254000E+00	0.293150E+03	0.000000E+00	0.178000E-02	0.175197E-02	0.280267E-04	0.157453E+01
0.455400E+01	0.288150E+03	0.000000E+00	0.244900E-01	0.242626E-01	0.227368E-03	0.928410E+00
0.274400E+01	0.288150E+03	0.000000E+00	0.182100E-01	0.182008E-01	0.919644E-05	0.505022E-01
0.125800E+01	0.288150E+03	0.000000E+00	0.968000E-02	0.964166E-02	0.383417E-04	0.396092E+00
0.247000E+00	0.288150E+03	0.000000E+00	0.200000E-02	0.197198E-02	0.280153E-04	0.140077E+01
0.269200E+01	0.283150E+03	0.000000E+00	0.203300E-01	0.203490E-01	-.190154E-04	-.935337E-01
0.122000E+01	0.283150E+03	0.000000E+00	0.108900E-01	0.109137E-01	-.236930E-04	-.217567E+00
0.239000E+00	0.283150E+03	0.000000E+00	0.228000E-02	0.227176E-02	0.824188E-05	0.361486E+00
0.264000E+01	0.278150E+03	0.000000E+00	0.228000E-01	0.228756E-01	-.756163E-04	-.331650E+00
0.117400E+01	0.278150E+03	0.000000E+00	0.123700E-01	0.123073E-01	0.627286E-04	0.507103E+00
0.231000E+00	0.278150E+03	0.000000E+00	0.263000E-02	0.265344E-02	-.234417E-04	-.891320E+00
0.260800E+01	0.273150E+03	0.000000E+00	0.255700E-01	0.258857E-01	-.315701E-03	-.123465E+01
0.112100E+01	0.273150E+03	0.000000E+00	0.140100E-01	0.137809E-01	0.229055E-03	0.163494E+01
0.221000E+00	0.273150E+03	0.000000E+00	0.296000E-02	0.308548E-02	-.125482E-03	-.423927E+01
0.466500E+01	0.298150E+03	0.252400E+01	0.218800E-01	0.217354E-01	0.144605E-03	0.660901E+00
0.340500E+01	0.298150E+03	0.252400E+01	0.172600E-01	0.173029E-01	-.428608E-04	-.248325E+00
0.162700E+01	0.298150E+03	0.252400E+01	0.927000E-02	0.924639E-02	0.236136E-04	0.254731E+00
0.306000E+00	0.298150E+03	0.252400E+01	0.184000E-02	0.189520E-02	-.552021E-04	-.300012E+01
0.462100E+01	0.293150E+03	0.252400E+01	0.224000E-01	0.227616E-01	-.361573E-03	-.161416E+01
0.331500E+01	0.293150E+03	0.252400E+01	0.184300E-01	0.185340E-01	-.103962E-03	-.564091E+00
0.159500E+01	0.293150E+03	0.252400E+01	0.103400E-01	0.102875E-01	0.524758E-04	0.507503E+00
0.298000E+00	0.293150E+03	0.252400E+01	0.207000E-02	0.205523E-02	0.147703E-04	0.713539E+00
0.457500E+01	0.288150E+03	0.252400E+01	0.244300E-01	0.241928E-01	0.237169E-03	0.970811E+00
0.326000E+01	0.288150E+03	0.252400E+01	0.203400E-01	0.203254E-01	0.145512E-04	0.715397E-01
0.156000E+01	0.288150E+03	0.252400E+01	0.116200E-01	0.115906E-01	0.293790E-04	0.252831E+00
0.293000E+00	0.288150E+03	0.252400E+01	0.236000E-02	0.234112E-02	0.188760E-04	0.799832E+00
0.322100E+01	0.283150E+03	0.252400E+01	0.227700E-01	0.225979E-01	0.172089E-03	0.755772E+00
0.152400E+01	0.283150E+03	0.252400E+01	0.130900E-01	0.131503E-01	-.603433E-04	-.460988E+00
0.285000E+00	0.283150E+03	0.252400E+01	0.270000E-02	0.270295E-02	-.294989E-05	-.109255E+00
0.316200E+01	0.278150E+03	0.252400E+01	0.255300E-01	0.252061E-01	0.323921E-03	0.126878E+01
0.148300E+01	0.278150E+03	0.252400E+01	0.148900E-01	0.149168E-01	-.267963E-04	-.179962E+00
0.276000E+00	0.278150E+03	0.252400E+01	0.313000E-02	0.314562E-02	-.156248E-04	-.499194E+00
0.144000E+01	0.273150E+03	0.252400E+01	0.170900E-01	0.168856E-01	0.204370E-03	0.119584E+01
0.264000E+00	0.273150E+03	0.252400E+01	0.356000E-02	0.363254E-02	-.725355E-04	-.203751E+01
0.492500E+01	0.298150E+03	0.291600E+01	0.227400E-01	0.224986E-01	0.241372E-03	0.106144E+01
0.269600E+01	0.298150E+03	0.291600E+01	0.142900E-01	0.143318E-01	-.418152E-04	-.292619E+00
0.130400E+01	0.298150E+03	0.291600E+01	0.758000E-02	0.755127E-02	0.287281E-04	0.378998E+00
0.416000E+00	0.298150E+03	0.291600E+01	0.251000E-02	0.255077E-02	-.407671E-04	-.162419E+01
0.490000E+01	0.293150E+03	0.291600E+01	0.229900E-01	0.234197E-01	-.429672E-03	-.186895E+01
0.265900E+01	0.293150E+03	0.291600E+01	0.157100E-01	0.157366E-01	-.265958E-04	-.169292E+00
0.128000E+01	0.293150E+03	0.291600E+01	0.850000E-02	0.844141E-02	0.585888E-04	0.689280E+00
0.407000E+00	0.293150E+03	0.291600E+01	0.281000E-02	0.281195E-02	-.194517E-05	-.692232E-01
0.487600E+01	0.288150E+03	0.291600E+01	0.250400E-01	0.247055E-01	0.334548E-03	0.133605E+01
0.261300E+01	0.288150E+03	0.291600E+01	0.174800E-01	0.174851E-01	-.510368E-05	-.291972E-01
0.125100E+01	0.288150E+03	0.291600E+01	0.959000E-02	0.954371E-02	0.462926E-04	0.482717E+00
0.396000E+00	0.288150E+03	0.291600E+01	0.318000E-02	0.317796E-02	0.204368E-05	0.642666E-01
0.256000E+01	0.283150E+03	0.291600E+01	0.195300E-01	0.195720E-01	-.419923E-04	-.215014E+00
0.121600E+01	0.283150E+03	0.291600E+01	0.108000E-01	0.108252E-01	-.252425E-04	-.233727E+00
0.383000E+00	0.283150E+03	0.291600E+01	0.360000E-02	0.363532E-02	-.353183E-04	-.981063E+00
0.250700E+01	0.278150E+03	0.291600E+01	0.219000E-01	0.220178E-01	-.117782E-03	-.537818E+00
0.117500E+01	0.278150E+03	0.291600E+01	0.123100E-01	0.122519E-01	0.580557E-04	0.471614E+00
0.368000E+00	0.278150E+03	0.291600E+01	0.410000E-02	0.416805E-02	-.680453E-04	-.165964E+01
0.250400E+01	0.273150E+03	0.291600E+01	0.249100E-01	0.251177E-01	-.207719E-03	-.833879E+00
0.112400E+01	0.273150E+03	0.291600E+01	0.139600E-01	0.137410E-01	0.219043E-03	0.156908E+01
0.350000E+00	0.273150E+03	0.291600E+01	0.466000E-02	0.474473E-02	-.847316E-04	-.181827E+01
0.442200E+01	0.298150E+03	0.423200E+01	0.209700E-01	0.208848E-01	0.852136E-04	0.406359E+00
0.193800E+01	0.298150E+03	0.423200E+01	0.107800E-01	0.107726E-01	0.737067E-05	0.683736E-01
0.132000E+01	0.298150E+03	0.423200E+01	0.766000E-02	0.761875E-02	0.412520E-04	0.538538E+00
0.421000E+00	0.298150E+03	0.423200E+01	0.253000E-02	0.257691E-02	-.469070E-04	-.185403E+01
0.438000E+01	0.293150E+03	0.423200E+01	0.217300E-01	0.220416E-01	-.311590E-03	-.143392E+01
0.190900E+01	0.293150E+03	0.423200E+01	0.120200E-01	0.119823E-01	0.377144E-04	0.313764E+00
0.129700E+01	0.293150E+03	0.423200E+01	0.858000E-02	0.852280E-02	0.572020E-04	0.666690E+00
0.413000E+00	0.293150E+03	0.423200E+01	0.285000E-02	0.284724E-02	0.276392E-05	0.969795E-01
0.430700E+01	0.288150E+03	0.423200E+01	0.237000E-01	0.235339E-01	0.166074E-03	0.700736E+00
0.187700E+01	0.288150E+03	0.423200E+01	0.135100E-01	0.134965E-01	0.134614E-04	0.996404E-01
0.127100E+01	0.288150E+03	0.423200E+01	0.970000E-02	0.965631E-02	0.436928E-04	0.450441E+00
0.402000E+00	0.288150E+03	0.423200E+01	0.322000E-02	0.321791E-02	0.208529E-05	0.647606E-01
0.183500E+01	0.283150E+03	0.423200E+01	0.151800E-01	0.152542E-01	-.742105E-04	-.488871E+00
0.123800E+01	0.283150E+03	0.423200E+01	0.109500E-01	0.109698E-01	-.198300E-04	-.181096E+00
0.391000E+00	0.283150E+03	0.423200E+01	0.367000E-02	0.370024E-02	-.302387E-04	-.823943E+00
0.178400E+01	0.278150E+03	0.423200E+01	0.171300E-01	0.172273E-01	-.972967E-04	-.567990E+00
0.119500E+01	0.278150E+03	0.423200E+01	0.124500E-01	0.124011E-01	0.489069E-04	0.392827E+00
0.378000E+00	0.278150E+03	0.423200E+01	0.419000E-02	0.426578E-02	-.757762E-04	-.180850E+01
0.172200E+01	0.273150E+03	0.423200E+01	0.195000E-01	0.193563E-01	0.143691E-03	0.736875E+00
0.115000E+01	0.273150E+03	0.423200E+01	0.141900E-01	0.139766E-01	0.213439E-03	0.150415E+01
0.364000E+00	0.273150E+03	0.423200E+01	0.482000E-02	0.491009E-02	-.900866E-04	-.186902E+01
0.456100E+01	0.298150E+03	0.791900E+01	0.212800E-01	0.211521E-01	0.127893E-03	0.600999E+00
0.276700E+01	0.298150E+03	0.791900E+01	0.144500E-01	0.144925E-01	-.424540E-04	-.293799E+00
0.132400E+01	0.298150E+03	0.791900E+01	0.763000E-02	0.758868E-02	0.413226E-04	0.541581E+00
0.422000E+00	0.298150E+03	0.791900E+01	0.252000E-02	0.257264E-02	-.526378E-04	-.208880E+01
0.452700E+01	0.293150E+03	0.791900E+01	0.219400E-01	0.222789E-01	-.338948E-03	-.154489E+01
0.273300E+01	0.293150E+03	0.791900E+01	0.158800E-01	0.159181E-01	-.380711E-04	-.239743E+00
0.130100E+01	0.293150E+03	0.791900E+01	0.855000E-02	0.848738E-02	0.626219E-04	0.732420E+00
0.413000E+00	0.293150E+03	0.791900E+01	0.282000E-02	0.283003E-02	-.100294E-04	-.355652E+00
0.448300E+01	0.288150E+03	0.791900E+01	0.239800E-01	0.237576E-01	0.222386E-03	0.927380E+00
0.268900E+01	0.288150E+03	0.791900E+01	0.176600E-01	0.176800E-01	-.199989E-04	-.113244E+00
0.127200E+01	0.288150E+03	0.791900E+01	0.964000E-02	0.959473E-02	0.452673E-04	0.469578E+00
0.403000E+00	0.288150E+03	0.791900E+01	0.319000E-02	0.320214E-02	-.121379E-04	-.380497E+00
0.263700E+01	0.283150E+03	0.791900E+01	0.197500E-01	0.197749E-01	-.248521E-04	-.125833E+00
0.123800E+01	0.283150E+03	0.791900E+01	0.108700E-01	0.108916E-01	-.215519E-04	-.198270E+00
0.390000E+00	0.283150E+03	0.791900E+01	0.363000E-02	0.366100E-02	-.309965E-04	-.853899E+00
0.255600E+01	0.278150E+03	0.791900E+01	0.219800E-01	0.220714E-01	-.914109E-04	-.415882E+00
0.119700E+01	0.278150E+03	0.791900E+01	0.123800E-01	0.123304E-01	0.496253E-04	0.400851E+00
0.375000E+00	0.278150E+03	0.791900E+01	0.414000E-02	0.419759E-02	-.575899E-04	-.139106E+01
0.255500E+01	0.273150E+03	0.791900E+01	0.249600E-01	0.251610E-01	-.200962E-03	-.805137E+00
0.114800E+01	0.273150E+03	0.791900E+01	0.140600E-01	0.138573E-01	0.202744E-03	0.144199E+01
0.357000E+00	0.273150E+03	0.791900E+01	0.473000E-02	0.478080E-02	-.508049E-04	-.107410E+01
0.469700E+01	0.298150E+03	0.100440E+02	0.216500E-01	0.214629E-01	0.187086E-03	0.864136E+00
0.265400E+01	0.298150E+03	0.100440E+02	0.139100E-01	0.139383E-01	-.282782E-04	-.203294E+00
0.134700E+01	0.298150E+03	0.100440E+02	0.773000E-02	0.767853E-02	0.514732E-04	0.665889E+00
0.474000E+00	0.298150E+03	0.100440E+02	0.282000E-02	0.286890E-02	-.489011E-04	-.173408E+01
0.464100E+01	0.293150E+03	0.100440E+02	0.221100E-01	0.224734E-01	-.363438E-03	-.164377E+01
0.261400E+01	0.293150E+03	0.100440E+02	0.152800E-01	0.153138E-01	-.338430E-04	-.221486E+00
0.130600E+01	0.293150E+03	0.100440E+02	0.854000E-02	0.848145E-02	0.585458E-04	0.685548E+00
0.466000E+00	0.293150E+03	0.100440E+02	0.318000E-02	0.317858E-02	0.142233E-05	0.447273E-01
0.461800E+01	0.288150E+03	0.100440E+02	0.241900E-01	0.239251E-01	0.264907E-03	0.109511E+01
0.257500E+01	0.288150E+03	0.100440E+02	0.170400E-01	0.170639E-01	-.239161E-04	-.140353E+00
0.126200E+01	0.288150E+03	0.100440E+02	0.953000E-02	0.948673E-02	0.432736E-04	0.454078E+00
0.459000E+00	0.288150E+03	0.100440E+02	0.361000E-02	0.363123E-02	-.212347E-04	-.588219E+00
0.252300E+01	0.283150E+03	0.100440E+02	0.190600E-01	0.191106E-01	-.506342E-04	-.265657E+00
0.121600E+01	0.283150E+03	0.100440E+02	0.106500E-01	0.106753E-01	-.253147E-04	-.237697E+00
0.450000E+00	0.283150E+03	0.100440E+02	0.417000E-02	0.419875E-02	-.287549E-04	-.689566E+00
0.247700E+01	0.278150E+03	0.100440E+02	0.214300E-01	0.215369E-01	-.106930E-03	-.498973E+00
0.111400E+01	0.278150E+03	0.100440E+02	0.116000E-01	0.115357E-01	0.642770E-04	0.554112E+00
0.439000E+00	0.278150E+03	0.100440E+02	0.478000E-02	0.486807E-02	-.880673E-04	-.184241E+01
0.247400E+01	0.273150E+03	0.100440E+02	0.244300E-01	0.245674E-01	-.137379E-03	-.562339E+00
0.104800E+01	0.273150E+03	0.100440E+02	0.129500E-01	0.127629E-01	0.187068E-03	0.144454E+01
0.428000E+00	0.273150E+03	0.100440E+02	0.560000E-02	0.564858E-02	-.485776E-04	-.867456E+00
0.468300E+01	0.298150E+03	0.124940E+02	0.214800E-01	0.212954E-01	0.184598E-03	0.859395E+00
0.272800E+01	0.298150E+03	0.124940E+02	0.141500E-01	0.141825E-01	-.324757E-04	-.229510E+00
0.129500E+01	0.298150E+03	0.124940E+02	0.743000E-02	0.737121E-02	0.587931E-04	0.791293E+00
0.420000E+00	0.298150E+03	0.124940E+02	0.249000E-02	0.254768E-02	-.576774E-04	-.231636E+01
0.464900E+01	0.293150E+03	0.124940E+02	0.220100E-01	0.223763E-01	-.366316E-03	-.166431E+01
0.269700E+01	0.293150E+03	0.124940E+02	0.155700E-01	0.156082E-01	-.381831E-04	-.245235E+00
0.127200E+01	0.293150E+03	0.124940E+02	0.831000E-02	0.823976E-02	0.702448E-04	0.845304E+00
0.411000E+00	0.293150E+03	0.124940E+02	0.279000E-02	0.279478E-02	-.478150E-05	-.171380E+00
0.460900E+01	0.288150E+03	0.124940E+02	0.240600E-01	0.237882E-01	0.271775E-03	0.112957E+01
0.265400E+01	0.288150E+03	0.124940E+02	0.173200E-01	0.173523E-01	-.323469E-04	-.186760E+00
0.124500E+01	0.288150E+03	0.124940E+02	0.937000E-02	0.932471E-02	0.452935E-04	0.483389E+00
0.401000E+00	0.288150E+03	0.124940E+02	0.316000E-02	0.315643E-02	0.357220E-05	0.113044E+00
0.260200E+01	0.283150E+03	0.124940E+02	0.193800E-01	0.194153E-01	-.353040E-04	-.182167E+00
0.121200E+01	0.283150E+03	0.124940E+02	0.105700E-01	0.105896E-01	-.196142E-04	-.185564E+00
0.389000E+00	0.283150E+03	0.124940E+02	0.359000E-02	0.361413E-02	-.241305E-04	-.672160E+00
0.252500E+01	0.278150E+03	0.124940E+02	0.216000E-01	0.216918E-01	-.917827E-04	-.424920E+00
0.117300E+01	0.278150E+03	0.124940E+02	0.120500E-01	0.120023E-01	0.476882E-04	0.395752E+00
0.374000E+00	0.278150E+03	0.124940E+02	0.408000E-02	0.414193E-02	-.619289E-04	-.151786E+01
0.252100E+01	0.273150E+03	0.124940E+02	0.245700E-01	0.247168E-01	-.146751E-03	-.597276E+00
0.112800E+01	0.273150E+03	0.124940E+02	0.137100E-01	0.135238E-01	0.186221E-03	0.135828E+01
0.357000E+00	0.273150E+03	0.124940E+02	0.463000E-02	0.472944E-02	-.994405E-04	-.214774E+01
0.435100E+01	0.298150E+03	0.150350E+02	0.202200E-01	0.201404E-01	0.795825E-04	0.393583E+00
0.171400E+01	0.298150E+03	0.150350E+02	0.950000E-02	0.945213E-02	0.478711E-04	0.503906E+00
0.922000E+00	0.298150E+03	0.150350E+02	0.541000E-02	0.535183E-02	0.581745E-04	0.107531E+01
0.406000E+00	0.298150E+03	0.150350E+02	0.241000E-02	0.245919E-02	-.491892E-04	-.204105E+01
0.394000E+01	0.293150E+03	0.150350E+02	0.200100E-01	0.202492E-01	-.239170E-03	-.119525E+01
0.168800E+01	0.293150E+03	0.150350E+02	0.105900E-01	0.105452E-01	0.447723E-04	0.422779E+00
0.905000E+00	0.293150E+03	0.150350E+02	0.605000E-02	0.597951E-02	0.704912E-04	0.116514E+01
0.400000E+00	0.293150E+03	0.150350E+02	0.270000E-02	0.270863E-02	-.863419E-05	-.319785E+00
0.377200E+01	0.288150E+03	0.150350E+02	0.216200E-01	0.215848E-01	0.352360E-04	0.162979E+00
0.166100E+01	0.288150E+03	0.150350E+02	0.119400E-01	0.119246E-01	0.154292E-04	0.129223E+00
0.882000E+00	0.288150E+03	0.150350E+02	0.682000E-02	0.675964E-02	0.603576E-04	0.885008E+00
0.388000E+00	0.288150E+03	0.150350E+02	0.305000E-02	0.303736E-02	0.126446E-04	0.414578E+00
0.161700E+01	0.283150E+03	0.150350E+02	0.134100E-01	0.134698E-01	-.598036E-04	-.445962E+00
0.863000E+00	0.283150E+03	0.150350E+02	0.777000E-02	0.774691E-02	0.230903E-04	0.297172E+00
0.379000E+00	0.283150E+03	0.150350E+02	0.347000E-02	0.350076E-02	-.307588E-04	-.886422E+00
0.157400E+01	0.278150E+03	0.150350E+02	0.152100E-01	0.152651E-01	-.550723E-04	-.362080E+00
0.840000E+00	0.278150E+03	0.150350E+02	0.898000E-02	0.886864E-02	0.111364E-03	0.124013E+01
0.367000E+00	0.278150E+03	0.150350E+02	0.401000E-02	0.404107E-02	-.310738E-04	-.774908E+00
0.152300E+01	0.273150E+03	0.150350E+02	0.173800E-01	0.172167E-01	0.163340E-03	0.939817E+00
0.806000E+00	0.273150E+03	0.150350E+02	0.101700E-01	0.100195E-01	0.150539E-03	0.148022E+01
0.353000E+00	0.273150E+03	0.150350E+02	0.458000E-02	0.464978E-02	-.697827E-04	-.152364E+01
0.462200E+01	0.298150E+03	0.180290E+02	0.210000E-01	0.208231E-01	0.176933E-03	0.842540E+00
0.271000E+01	0.298150E+03	0.180290E+02	0.139000E-01	0.139279E-01	-.278978E-04	-.200704E+00
0.129000E+01	0.298150E+03	0.180290E+02	0.734000E-02	0.726357E-02	0.764345E-04	0.104134E+01
0.428000E+00	0.298150E+03	0.180290E+02	0.253000E-02	0.257635E-02	-.463516E-04	-.183208E+01
0.459100E+01	0.293150E+03	0.180290E+02	0.216000E-01	0.219561E-01	-.356075E-03	-.164850E+01
0.267700E+01	0.293150E+03	0.180290E+02	0.152800E-01	0.153291E-01	-.490637E-04	-.321098E+00
0.126900E+01	0.293150E+03	0.180290E+02	0.819000E-02	0.812558E-02	0.644232E-04	0.786608E+00
0.418000E+00	0.293150E+03	0.180290E+02	0.281000E-02	0.281477E-02	-.477052E-05	-.169769E+00
0.455000E+01	0.288150E+03	0.180290E+02	0.236500E-01	0.233947E-01	0.255276E-03	0.107939E+01
0.263500E+01	0.288150E+03	0.180290E+02	0.170100E-01	0.170541E-01	-.440886E-04	-.259192E+00
0.124100E+01	0.288150E+03	0.180290E+02	0.923000E-02	0.918517E-02	0.448338E-04	0.485740E+00
0.408000E+00	0.288150E+03	0.180290E+02	0.316000E-02	0.317462E-02	-.146226E-04	-.462740E+00
0.258400E+01	0.283150E+03	0.180290E+02	0.190600E-01	0.190908E-01	-.308340E-04	-.161774E+00
0.121000E+01	0.283150E+03	0.180290E+02	0.104300E-01	0.104441E-01	-.141058E-04	-.135243E+00
0.395000E+00	0.283150E+03	0.180290E+02	0.359000E-02	0.362278E-02	-.327826E-04	-.913165E+00
0.252600E+01	0.278150E+03	0.180290E+02	0.213500E-01	0.214330E-01	-.829878E-04	-.388702E+00
0.117300E+01	0.278150E+03	0.180290E+02	0.119000E-01	0.118542E-01	0.458399E-04	0.385209E+00
0.381000E+00	0.278150E+03	0.180290E+02	0.411000E-02	0.416102E-02	-.510206E-04	-.124138E+01
0.252400E+01	0.273150E+03	0.180290E+02	0.243100E-01	0.244303E-01	-.120272E-03	-.494742E+00
0.112700E+01	0.273150E+03	0.180290E+02	0.135200E-01	0.133477E-01	0.172342E-03	0.127472E+01
0.363000E+00	0.273150E+03	0.180290E+02	0.465000E-02	0.473916E-02	-.891609E-04	-.191744E+01
0.474000E+01	0.298150E+03	0.191730E+02	0.213300E-01	0.211081E-01	0.221896E-03	0.104030E+01
0.276400E+01	0.298150E+03	0.191730E+02	0.140800E-01	0.141170E-01	-.369816E-04	-.262653E+00
0.132900E+01	0.298150E+03	0.191730E+02	0.752000E-02	0.744622E-02	0.737757E-04	0.981060E+00
0.361000E+00	0.298150E+03	0.191730E+02	0.211000E-02	0.218901E-02	-.790079E-04	-.374445E+01
0.472400E+01	0.293150E+03	0.191730E+02	0.218500E-01	0.222214E-01	-.371416E-03	-.169985E+01
0.272900E+01	0.293150E+03	0.191730E+02	0.154600E-01	0.155159E-01	-.559210E-04	-.361714E+00
0.129600E+01	0.293150E+03	0.191730E+02	0.833000E-02	0.826116E-02	0.688364E-04	0.826367E+00
0.350000E+00	0.293150E+03	0.191730E+02	0.234000E-02	0.235486E-02	-.148590E-04	-.634999E+00
0.471000E+01	0.288150E+03	0.191730E+02	0.239600E-01	0.236304E-01	0.329554E-03	0.137544E+01
0.269000E+01	0.288150E+03	0.191730E+02	0.172200E-01	0.172628E-01	-.427757E-04	-.248407E+00
0.126000E+01	0.288150E+03	0.191730E+02	0.933000E-02	0.928628E-02	0.437150E-04	0.468542E+00
0.338000E+00	0.288150E+03	0.191730E+02	0.262000E-02	0.261872E-02	0.127653E-05	0.487225E-01
0.264200E+01	0.283150E+03	0.191730E+02	0.193100E-01	0.193262E-01	-.162411E-04	-.841071E-01
0.122000E+01	0.283150E+03	0.191730E+02	0.104700E-01	0.104918E-01	-.217643E-04	-.207873E+00
0.323000E+00	0.283150E+03	0.191730E+02	0.293000E-02	0.295155E-02	-.215457E-04	-.735348E+00
0.258700E+01	0.278150E+03	0.191730E+02	0.216500E-01	0.217019E-01	-.519438E-04	-.239925E+00
0.117400E+01	0.278150E+03	0.191730E+02	0.118800E-01	0.118310E-01	0.490497E-04	0.412876E+00
0.306000E+00	0.278150E+03	0.191730E+02	0.329000E-02	0.334282E-02	-.528248E-04	-.160562E+01
0.257800E+01	0.273150E+03	0.191730E+02	0.245400E-01	0.246730E-01	-.132974E-03	-.541867E+00
0.112600E+01	0.273150E+03	0.191730E+02	0.134700E-01	0.133018E-01	0.168204E-03	0.124873E+01
0.285000E+00	0.273150E+03	0.191730E+02	0.367000E-02	0.374740E-02	-.774000E-04	-.210899E+01
0.459600E+01	0.298150E+03	0.201420E+02	0.208000E-01	0.206327E-01	0.167344E-03	0.804540E+00
0.272500E+01	0.298150E+03	0.201420E+02	0.138900E-01	0.139211E-01	-.310747E-04	-.223720E+00
0.831000E+00	0.298150E+03	0.201420E+02	0.487000E-02	0.480902E-02	0.609845E-04	0.125225E+01
0.232000E+00	0.298150E+03	0.201420E+02	0.137000E-02	0.144180E-02	-.718041E-04	-.524118E+01
0.456400E+01	0.293150E+03	0.201420E+02	0.214300E-01	0.217792E-01	-.349188E-03	-.162943E+01
0.257300E+01	0.293150E+03	0.201420E+02	0.147600E-01	0.147912E-01	-.312034E-04	-.211405E+00
0.809000E+00	0.293150E+03	0.201420E+02	0.539000E-02	0.532056E-02	0.694389E-04	0.128829E+01
0.203000E+00	0.293150E+03	0.201420E+02	0.136000E-02	0.135598E-02	0.401533E-05	0.295245E+00
0.449400E+01	0.288150E+03	0.201420E+02	0.234100E-01	0.231729E-01	0.237101E-03	0.101282E+01
0.245700E+01	0.288150E+03	0.201420E+02	0.160800E-01	0.161225E-01	-.425276E-04	-.264475E+00
0.789000E+00	0.288150E+03	0.201420E+02	0.609000E-02	0.601614E-02	0.738621E-04	0.121284E+01
0.138000E+00	0.288150E+03	0.201420E+02	0.108000E-02	0.101320E-02	0.667959E-04	0.618481E+01
0.241500E+01	0.283150E+03	0.201420E+02	0.180800E-01	0.181314E-01	-.514201E-04	-.284403E+00
0.771000E+00	0.283150E+03	0.201420E+02	0.693000E-02	0.689171E-02	0.382941E-04	0.552584E+00
0.118000E+00	0.283150E+03	0.201420E+02	0.108000E-02	0.101237E-02	0.676268E-04	0.626174E+01
0.236500E+01	0.278150E+03	0.201420E+02	0.203100E-01	0.204287E-01	-.118706E-03	-.584472E+00
0.637000E+00	0.278150E+03	0.201420E+02	0.690000E-02	0.678115E-02	0.118852E-03	0.172249E+01
0.111000E+00	0.278150E+03	0.201420E+02	0.120000E-02	0.117866E-02	0.213411E-04	0.177843E+01
0.235000E+01	0.273150E+03	0.201420E+02	0.232200E-01	0.232647E-01	-.446721E-04	-.192387E+00
0.587000E+00	0.273150E+03	0.201420E+02	0.750000E-02	0.741100E-02	0.890023E-04	0.118670E+01
0.106000E+00	0.273150E+03	0.201420E+02	0.138000E-02	0.142803E-02	-.480319E-04	-.348057E+01
0.461300E+01	0.298150E+03	0.223390E+02	0.207400E-01	0.205639E-01	0.176080E-03	0.848988E+00
0.271000E+01	0.298150E+03	0.223390E+02	0.137500E-01	0.137842E-01	-.342367E-04	-.248994E+00
0.129100E+01	0.298150E+03	0.223390E+02	0.728000E-02	0.720238E-02	0.776231E-04	0.106625E+01
0.390000E+00	0.298150E+03	0.223390E+02	0.228000E-02	0.234630E-02	-.662975E-04	-.290779E+01
0.457900E+01	0.293150E+03	0.223390E+02	0.213500E-01	0.217011E-01	-.351144E-03	-.164470E+01
0.267700E+01	0.293150E+03	0.223390E+02	0.151200E-01	0.151728E-01	-.528175E-04	-.349322E+00
0.127200E+01	0.293150E+03	0.223390E+02	0.813000E-02	0.806367E-02	0.663338E-04	0.815914E+00
0.382000E+00	0.293150E+03	0.223390E+02	0.254000E-02	0.255512E-02	-.151159E-04	-.595116E+00
0.453900E+01	0.288150E+03	0.223390E+02	0.234000E-01	0.231464E-01	0.253635E-03	0.108391E+01
0.263900E+01	0.288150E+03	0.223390E+02	0.168500E-01	0.169001E-01	-.501367E-04	-.297547E+00
0.124600E+01	0.288150E+03	0.223390E+02	0.917000E-02	0.912505E-02	0.449522E-04	0.490210E+00
0.374000E+00	0.288150E+03	0.223390E+02	0.287000E-02	0.288201E-02	-.120116E-04	-.418522E+00
0.258900E+01	0.283150E+03	0.223390E+02	0.189000E-01	0.189236E-01	-.236147E-04	-.124945E+00
0.121500E+01	0.283150E+03	0.223390E+02	0.103600E-01	0.103742E-01	-.141508E-04	-.136591E+00
0.363000E+00	0.283150E+03	0.223390E+02	0.327000E-02	0.329508E-02	-.250834E-04	-.767077E+00
0.253200E+01	0.278150E+03	0.223390E+02	0.211800E-01	0.212507E-01	-.706505E-04	-.333572E+00
0.117900E+01	0.278150E+03	0.223390E+02	0.118300E-01	0.117834E-01	0.465742E-04	0.393696E+00
0.351000E+00	0.278150E+03	0.223390E+02	0.374000E-02	0.379716E-02	-.571627E-04	-.152841E+01
0.247200E+01	0.273150E+03	0.223390E+02	0.238100E-01	0.238853E-01	-.753266E-04	-.316366E+00
0.113500E+01	0.273150E+03	0.223390E+02	0.134500E-01	0.132899E-01	0.160064E-03	0.119007E+01
0.336000E+00	0.273150E+03	0.223390E+02	0.426000E-02	0.435175E-02	-.917514E-04	-.215379E+01
0.445700E+01	0.298150E+03	0.247220E+02	0.200800E-01	0.199687E-01	0.111337E-03	0.554465E+00
0.267800E+01	0.298150E+03	0.247220E+02	0.135400E-01	0.135696E-01	-.296012E-04	-.218620E+00
0.131600E+01	0.298150E+03	0.247220E+02	0.738000E-02	0.729106E-02	0.889390E-04	0.120514E+01
0.423000E+00	0.298150E+03	0.247220E+02	0.247000E-02	0.252521E-02	-.552052E-04	-.223503E+01
0.442500E+01	0.293150E+03	0.247220E+02	0.208600E-01	0.211788E-01	-.318818E-03	-.152837E+01
0.264600E+01	0.293150E+03	0.247220E+02	0.149000E-01	0.149482E-01	-.482137E-04	-.323582E+00
0.129300E+01	0.293150E+03	0.247220E+02	0.821000E-02	0.813808E-02	0.719211E-04	0.876018E+00
0.416000E+00	0.293150E+03	0.247220E+02	0.275000E-02	0.276779E-02	-.177907E-04	-.646934E+00
0.438400E+01	0.288150E+03	0.247220E+02	0.228900E-01	0.226974E-01	0.192626E-03	0.841528E+00
0.260600E+01	0.288150E+03	0.247220E+02	0.165900E-01	0.166490E-01	-.589689E-04	-.355448E+00
0.126700E+01	0.288150E+03	0.247220E+02	0.926000E-02	0.920800E-02	0.519953E-04	0.561505E+00
0.406000E+00	0.288150E+03	0.247220E+02	0.310000E-02	0.311356E-02	-.135600E-04	-.437420E+00
0.255800E+01	0.283150E+03	0.247220E+02	0.186400E-01	0.186606E-01	-.206250E-04	-.110649E+00
0.123600E+01	0.283150E+03	0.247220E+02	0.104600E-01	0.104685E-01	-.851601E-05	-.814150E-01
0.396000E+00	0.283150E+03	0.247220E+02	0.352000E-02	0.357371E-02	-.537073E-04	-.152578E+01
0.250000E+01	0.278150E+03	0.247220E+02	0.208800E-01	0.209569E-01	-.768713E-04	-.368158E+00
0.119900E+01	0.278150E+03	0.247220E+02	0.119200E-01	0.118839E-01	0.360717E-04	0.302615E+00
0.383000E+00	0.278150E+03	0.247220E+02	0.403000E-02	0.411099E-02	-.809945E-04	-.200979E+01
0.248900E+01	0.273150E+03	0.247220E+02	0.237700E-01	0.238490E-01	-.789961E-04	-.332335E+00
0.115500E+01	0.273150E+03	0.247220E+02	0.135600E-01	0.134079E-01	0.152093E-03	0.112163E+01
0.366000E+00	0.273150E+03	0.247220E+02	0.459000E-02	0.469192E-02	-.101924E-03	-.222057E+01
0.460000E+01	0.298150E+03	0.250290E+02	0.205500E-01	0.203774E-01	0.172641E-03	0.840100E+00
0.351300E+01	0.298150E+03	0.250290E+02	0.167600E-01	0.168138E-01	-.537543E-04	-.320730E+00
0.135700E+01	0.298150E+03	0.250290E+02	0.758000E-02	0.749233E-02	0.876715E-04	0.115662E+01
0.359000E+00	0.298150E+03	0.250290E+02	0.209000E-02	0.216311E-02	-.731125E-04	-.349820E+01
0.457600E+01	0.293150E+03	0.250290E+02	0.212000E-01	0.215484E-01	-.348437E-03	-.164357E+01
0.348800E+01	0.293150E+03	0.250290E+02	0.180900E-01	0.182686E-01	-.178582E-03	-.987186E+00
0.133500E+01	0.293150E+03	0.250290E+02	0.844000E-02	0.837017E-02	0.698255E-04	0.827317E+00
0.351000E+00	0.293150E+03	0.250290E+02	0.233000E-02	0.233862E-02	-.862432E-05	-.370142E+00
0.455200E+01	0.288150E+03	0.250290E+02	0.232900E-01	0.230260E-01	0.263979E-03	0.113344E+01
0.347600E+01	0.288150E+03	0.250290E+02	0.201100E-01	0.201395E-01	-.295131E-04	-.146759E+00
0.130800E+01	0.288150E+03	0.250290E+02	0.951000E-02	0.946533E-02	0.446692E-04	0.469708E+00
0.342000E+00	0.288150E+03	0.250290E+02	0.261000E-02	0.261792E-02	-.791894E-05	-.303408E+00
0.346800E+01	0.283150E+03	0.250290E+02	0.227200E-01	0.223936E-01	0.326406E-03	0.143665E+01
0.127900E+01	0.283150E+03	0.250290E+02	0.107600E-01	0.107777E-01	-.176629E-04	-.164153E+00
0.334000E+00	0.283150E+03	0.250290E+02	0.299000E-02	0.301053E-02	-.205318E-04	-.686683E+00
0.346100E+01	0.278150E+03	0.250290E+02	0.257900E-01	0.250205E-01	0.769492E-03	0.298368E+01
0.124200E+01	0.278150E+03	0.250290E+02	0.122700E-01	0.122393E-01	0.306627E-04	0.249900E+00
0.320000E+00	0.278150E+03	0.250290E+02	0.339000E-02	0.344132E-02	-.513174E-04	-.151379E+01
0.345700E+01	0.273150E+03	0.250290E+02	0.274800E-01	0.280261E-01	-.546120E-03	-.198734E+01
0.120800E+01	0.273150E+03	0.250290E+02	0.140700E-01	0.139148E-01	0.155239E-03	0.110333E+01
0.310000E+00	0.273150E+03	0.250290E+02	0.390000E-02	0.399807E-02	-.980685E-04	-.251458E+01
0.450500E+01	0.298150E+03	0.286220E+02	0.200300E-01	0.198975E-01	0.132491E-03	0.661464E+00
0.268900E+01	0.298150E+03	0.286220E+02	0.134500E-01	0.134799E-01	-.298727E-04	-.222102E+00
0.134800E+01	0.298150E+03	0.286220E+02	0.748000E-02	0.738578E-02	0.942207E-04	0.125964E+01
0.422000E+00	0.298150E+03	0.286220E+02	0.244000E-02	0.250570E-02	-.656986E-04	-.269257E+01
0.447000E+01	0.293150E+03	0.286220E+02	0.207500E-01	0.210821E-01	-.332150E-03	-.160072E+01
0.265700E+01	0.293150E+03	0.286220E+02	0.147900E-01	0.148458E-01	-.557612E-04	-.377019E+00
0.132700E+01	0.293150E+03	0.286220E+02	0.832000E-02	0.825117E-02	0.688334E-04	0.827325E+00
0.415000E+00	0.293150E+03	0.286220E+02	0.272000E-02	0.274127E-02	-.212703E-04	-.781997E+00
0.442500E+01	0.288150E+03	0.286220E+02	0.227800E-01	0.225700E-01	0.210024E-03	0.921965E+00
0.261700E+01	0.288150E+03	0.286220E+02	0.164700E-01	0.165330E-01	-.629719E-04	-.382343E+00
0.130000E+01	0.288150E+03	0.286220E+02	0.938000E-02	0.932702E-02	0.529822E-04	0.564842E+00
0.406000E+00	0.288150E+03	0.286220E+02	0.305000E-02	0.308669E-02	-.366875E-04	-.120287E+01
0.257000E+01	0.283150E+03	0.286220E+02	0.185200E-01	0.185354E-01	-.153596E-04	-.829352E-01
0.126600E+01	0.283150E+03	0.286220E+02	0.105700E-01	0.105816E-01	-.115770E-04	-.109527E+00
0.395000E+00	0.283150E+03	0.286220E+02	0.349000E-02	0.353021E-02	-.402059E-04	-.115203E+01
0.251400E+01	0.278150E+03	0.286220E+02	0.207600E-01	0.208283E-01	-.683101E-04	-.329047E+00
0.123000E+01	0.278150E+03	0.286220E+02	0.120500E-01	0.120232E-01	0.267927E-04	0.222346E+00
0.383000E+00	0.278150E+03	0.286220E+02	0.402000E-02	0.406809E-02	-.480929E-04	-.119634E+01
0.248700E+01	0.273150E+03	0.286220E+02	0.235500E-01	0.236112E-01	-.612111E-04	-.259920E+00
0.119000E+01	0.273150E+03	0.286220E+02	0.137600E-01	0.136105E-01	0.149477E-03	0.108632E+01
0.367000E+00	0.273150E+03	0.286220E+02	0.460000E-02	0.465255E-02	-.525482E-04	-.114235E+01
0.472700E+01	0.298150E+03	0.301430E+02	0.206400E-01	0.204482E-01	0.191816E-03	0.929340E+00
0.294200E+01	0.298150E+03	0.301430E+02	0.143100E-01	0.144418E-01	-.131807E-03	-.921080E+00
0.136700E+01	0.298150E+03	0.301430E+02	0.744000E-02	0.745324E-02	-.132373E-04	-.177921E+00
0.294000E+00	0.298150E+03	0.301430E+02	0.171000E-02	0.178540E-02	-.753968E-04	-.440917E+01
0.471300E+01	0.293150E+03	0.301430E+02	0.208900E-01	0.215887E-01	-.698707E-03	-.334469E+01
0.292200E+01	0.293150E+03	0.301430E+02	0.159400E-01	0.158905E-01	0.494615E-04	0.310298E+00
0.134500E+01	0.293150E+03	0.301430E+02	0.848000E-02	0.831938E-02	0.160623E-03	0.189414E+01
0.288000E+00	0.293150E+03	0.301430E+02	0.189000E-02	0.190604E-02	-.160351E-04	-.848420E+00
0.469400E+01	0.288150E+03	0.301430E+02	0.233400E-01	0.230004E-01	0.339631E-03	0.145515E+01
0.290400E+01	0.288150E+03	0.301430E+02	0.176500E-01	0.177176E-01	-.675616E-04	-.382786E+00
0.132300E+01	0.288150E+03	0.301430E+02	0.948000E-02	0.943477E-02	0.452284E-04	0.477093E+00
0.280000E+00	0.288150E+03	0.301430E+02	0.212000E-02	0.211324E-02	0.676094E-05	0.318912E+00
0.288500E+01	0.283150E+03	0.301430E+02	0.199700E-01	0.199101E-01	0.599130E-04	0.300015E+00
0.130200E+01	0.283150E+03	0.301430E+02	0.107900E-01	0.107983E-01	-.825036E-05	-.764630E-01
0.273000E+00	0.283150E+03	0.301430E+02	0.242000E-02	0.242261E-02	-.260521E-05	-.107653E+00
0.286500E+01	0.278150E+03	0.301430E+02	0.225700E-01	0.224669E-01	0.103145E-03	0.457003E+00
0.127700E+01	0.278150E+03	0.301430E+02	0.123800E-01	0.123632E-01	0.168489E-04	0.136098E+00
0.264000E+00	0.278150E+03	0.301430E+02	0.278000E-02	0.280214E-02	-.221364E-04	-.796273E+00
0.284400E+01	0.273150E+03	0.301430E+02	0.252000E-01	0.253863E-01	-.186279E-03	-.739201E+00
0.125100E+01	0.273150E+03	0.301430E+02	0.142800E-01	0.141352E-01	0.144837E-03	0.101426E+01
0.252000E+00	0.273150E+03	0.301430E+02	0.317000E-02	0.322467E-02	-.546743E-04	-.172474E+01
0.443000E+01	0.298150E+03	0.327690E+02	0.195400E-01	0.194421E-01	0.979340E-04	0.501198E+00
0.271400E+01	0.298150E+03	0.327690E+02	0.134000E-01	0.134328E-01	-.327700E-04	-.244552E+00
0.133700E+01	0.298150E+03	0.327690E+02	0.737000E-02	0.725864E-02	0.111356E-03	0.151093E+01
0.414000E+00	0.298150E+03	0.327690E+02	0.239000E-02	0.244626E-02	-.562560E-04	-.235381E+01
0.439800E+01	0.293150E+03	0.327690E+02	0.203400E-01	0.206605E-01	-.320512E-03	-.157577E+01
0.268100E+01	0.293150E+03	0.327690E+02	0.147200E-01	0.147813E-01	-.612819E-04	-.416317E+00
0.131500E+01	0.293150E+03	0.327690E+02	0.817000E-02	0.809633E-02	0.736736E-04	0.901757E+00
0.405000E+00	0.293150E+03	0.327690E+02	0.263000E-02	0.265561E-02	-.256148E-04	-.973946E+00
0.435600E+01	0.288150E+03	0.327690E+02	0.223600E-01	0.221856E-01	0.174359E-03	0.779782E+00
0.264200E+01	0.288150E+03	0.327690E+02	0.163900E-01	0.164606E-01	-.706218E-04	-.430883E+00
0.128700E+01	0.288150E+03	0.327690E+02	0.919000E-02	0.914068E-02	0.493231E-04	0.536704E+00
0.396000E+00	0.288150E+03	0.327690E+02	0.295000E-02	0.298277E-02	-.327689E-04	-.111081E+01
0.259500E+01	0.283150E+03	0.327690E+02	0.184400E-01	0.184521E-01	-.121298E-04	-.657797E-01
0.125500E+01	0.283150E+03	0.327690E+02	0.103800E-01	0.103812E-01	-.122732E-05	-.118239E-01
0.385000E+00	0.283150E+03	0.327690E+02	0.336000E-02	0.340501E-02	-.450111E-04	-.133962E+01
0.253900E+01	0.278150E+03	0.327690E+02	0.206800E-01	0.207360E-01	-.559876E-04	-.270733E+00
0.121700E+01	0.278150E+03	0.327690E+02	0.118100E-01	0.117770E-01	0.329713E-04	0.279181E+00
0.372000E+00	0.278150E+03	0.327690E+02	0.385000E-02	0.390826E-02	-.582563E-04	-.151315E+01
0.251200E+01	0.273150E+03	0.327690E+02	0.234500E-01	0.235078E-01	-.578297E-04	-.246609E+00
0.117200E+01	0.273150E+03	0.327690E+02	0.134200E-01	0.132822E-01	0.137844E-03	0.102715E+01
0.356000E+00	0.273150E+03	0.327690E+02	0.438000E-02	0.446394E-02	-.839439E-04	-.191653E+01
0.448800E+01	0.298150E+03	0.351590E+02	0.196000E-01	0.194743E-01	0.125671E-03	0.641180E+00
0.274000E+01	0.298150E+03	0.351590E+02	0.134100E-01	0.134486E-01	-.386072E-04	-.287899E+00
0.134400E+01	0.298150E+03	0.351590E+02	0.736000E-02	0.725004E-02	0.109964E-03	0.149407E+01
0.402000E+00	0.298150E+03	0.351590E+02	0.229000E-02	0.237171E-02	-.817093E-04	-.356809E+01
0.445100E+01	0.293150E+03	0.351590E+02	0.203400E-01	0.206572E-01	-.317153E-03	-.155926E+01
0.270900E+01	0.293150E+03	0.351590E+02	0.147300E-01	0.147991E-01	-.690863E-04	-.469017E+00
0.132400E+01	0.293150E+03	0.351590E+02	0.817000E-02	0.809382E-02	0.761766E-04	0.932394E+00
0.396000E+00	0.293150E+03	0.351590E+02	0.256000E-02	0.258617E-02	-.261658E-04	-.102210E+01
0.441100E+01	0.288150E+03	0.351590E+02	0.223600E-01	0.221642E-01	0.195821E-03	0.875764E+00
0.267200E+01	0.288150E+03	0.351590E+02	0.164100E-01	0.164830E-01	-.730151E-04	-.444943E+00
0.129800E+01	0.288150E+03	0.351590E+02	0.920000E-02	0.914797E-02	0.520305E-04	0.565549E+00
0.388000E+00	0.288150E+03	0.351590E+02	0.288000E-02	0.290687E-02	-.268713E-04	-.933032E+00
0.262500E+01	0.283150E+03	0.351590E+02	0.184800E-01	0.184731E-01	0.691274E-05	0.374066E-01
0.127000E+01	0.283150E+03	0.351590E+02	0.104200E-01	0.104173E-01	0.273994E-05	0.262950E-01
0.378000E+00	0.283150E+03	0.351590E+02	0.327000E-02	0.332274E-02	-.527398E-04	-.161284E+01
0.257300E+01	0.278150E+03	0.351590E+02	0.207300E-01	0.207789E-01	-.489370E-04	-.236069E+00
0.123500E+01	0.278150E+03	0.351590E+02	0.118800E-01	0.118438E-01	0.362050E-04	0.304756E+00
0.366000E+00	0.278150E+03	0.351590E+02	0.377000E-02	0.382031E-02	-.503055E-04	-.133436E+01
0.255100E+01	0.273150E+03	0.351590E+02	0.235100E-01	0.235810E-01	-.709908E-04	-.301960E+00
0.119200E+01	0.273150E+03	0.351590E+02	0.135200E-01	0.133805E-01	0.139518E-03	0.103194E+01
0.352000E+00	0.273150E+03	0.351590E+02	0.432000E-02	0.438365E-02	-.636529E-04	-.147345E+01
0.484000E+01	0.298150E+03	0.395650E+02	0.204900E-01	0.201776E-01	0.312361E-03	0.152446E+01
0.274700E+01	0.298150E+03	0.395650E+02	0.132700E-01	0.133079E-01	-.378805E-04	-.285460E+00
0.133200E+01	0.298150E+03	0.395650E+02	0.723000E-02	0.711080E-02	0.119196E-03	0.164863E+01
0.521000E+00	0.298150E+03	0.395650E+02	0.302000E-02	0.299429E-02	0.257132E-04	0.851430E+00
0.481300E+01	0.293150E+03	0.395650E+02	0.209000E-01	0.212384E-01	-.338378E-03	-.161904E+01
0.271600E+01	0.293150E+03	0.395650E+02	0.145700E-01	0.146365E-01	-.665143E-04	-.456516E+00
0.131100E+01	0.293150E+03	0.395650E+02	0.801000E-02	0.792376E-02	0.862359E-04	0.107660E+01
0.511000E+00	0.293150E+03	0.395650E+02	0.332000E-02	0.328075E-02	0.392495E-04	0.118221E+01
0.479100E+01	0.288150E+03	0.395650E+02	0.230100E-01	0.226041E-01	0.405894E-03	0.176399E+01
0.267600E+01	0.288150E+03	0.395650E+02	0.162100E-01	0.162875E-01	-.775473E-04	-.478392E+00
0.128600E+01	0.288150E+03	0.395650E+02	0.902000E-02	0.895565E-02	0.643506E-04	0.713421E+00
0.500000E+00	0.288150E+03	0.395650E+02	0.376000E-02	0.369313E-02	0.668723E-04	0.177852E+01
0.263200E+01	0.283150E+03	0.395650E+02	0.182800E-01	0.182729E-01	0.708472E-05	0.387566E-01
0.125500E+01	0.283150E+03	0.395650E+02	0.101800E-01	0.101733E-01	0.665465E-05	0.653699E-01
0.486000E+00	0.283150E+03	0.395650E+02	0.426000E-02	0.420544E-02	0.545636E-04	0.128084E+01
0.258300E+01	0.278150E+03	0.395650E+02	0.205400E-01	0.205775E-01	-.375409E-04	-.182770E+00
0.121900E+01	0.278150E+03	0.395650E+02	0.116000E-01	0.115558E-01	0.442214E-04	0.381219E+00
0.470000E+00	0.278150E+03	0.395650E+02	0.491000E-02	0.480871E-02	0.101293E-03	0.206299E+01
0.257900E+01	0.273150E+03	0.395650E+02	0.233900E-01	0.234617E-01	-.717352E-04	-.306692E+00
0.117600E+01	0.273150E+03	0.395650E+02	0.131800E-01	0.130523E-01	0.127742E-03	0.969209E+00
0.451000E+00	0.273150E+03	0.395650E+02	0.552000E-02	0.547386E-02	0.461353E-04	0.835785E+00
0.406600E+01	0.298150E+03	0.406790E+02	0.178700E-01	0.178948E-01	-.247946E-04	-.138750E+00
0.284800E+01	0.298150E+03	0.406790E+02	0.136000E-01	0.136574E-01	-.573612E-04	-.421773E+00
0.121900E+01	0.298150E+03	0.406790E+02	0.667000E-02	0.654305E-02	0.126952E-03	0.190332E+01
0.388000E+00	0.298150E+03	0.406790E+02	0.219000E-02	0.227601E-02	-.860119E-04	-.392748E+01
0.404000E+01	0.293150E+03	0.406790E+02	0.189400E-01	0.192156E-01	-.275562E-03	-.145492E+01
0.283100E+01	0.293150E+03	0.406790E+02	0.149700E-01	0.150532E-01	-.832444E-04	-.556075E+00
0.116700E+01	0.293150E+03	0.406790E+02	0.720000E-02	0.710938E-02	0.906195E-04	0.125860E+01
0.380000E+00	0.293150E+03	0.406790E+02	0.240000E-02	0.245852E-02	-.585202E-04	-.243834E+01
0.400900E+01	0.288150E+03	0.406790E+02	0.209200E-01	0.208821E-01	0.379311E-04	0.181315E+00
0.280200E+01	0.288150E+03	0.406790E+02	0.166900E-01	0.167705E-01	-.805270E-04	-.482486E+00
0.111000E+01	0.288150E+03	0.406790E+02	0.790000E-02	0.782103E-02	0.789675E-04	0.999589E+00
0.370000E+00	0.288150E+03	0.406790E+02	0.270000E-02	0.273807E-02	-.380683E-04	-.140994E+01
0.278000E+01	0.283150E+03	0.406790E+02	0.189300E-01	0.188839E-01	0.460867E-04	0.243459E+00
0.103700E+01	0.283150E+03	0.406790E+02	0.859000E-02	0.855694E-02	0.330641E-04	0.384914E+00
0.361000E+00	0.283150E+03	0.406790E+02	0.311000E-02	0.312833E-02	-.183284E-04	-.589338E+00
0.276300E+01	0.278150E+03	0.406790E+02	0.214200E-01	0.213868E-01	0.332478E-04	0.155219E+00
0.950000E+00	0.278150E+03	0.406790E+02	0.934000E-02	0.924611E-02	0.938854E-04	0.100520E+01
0.351000E+00	0.278150E+03	0.406790E+02	0.355000E-02	0.360775E-02	-.577533E-04	-.162685E+01
0.274900E+01	0.273150E+03	0.406790E+02	0.241500E-01	0.242714E-01	-.121395E-03	-.502669E+00
0.865000E+00	0.273150E+03	0.406790E+02	0.100600E-01	0.994913E-02	0.110870E-03	0.110209E+01
0.340000E+00	0.273150E+03	0.406790E+02	0.412000E-02	0.416612E-02	-.461181E-04	-.111937E+01
0.450100E+01	0.298150E+03	0.421500E+02	0.192100E-01	0.190945E-01	0.115545E-03	0.601483E+00
0.282000E+01	0.298150E+03	0.421500E+02	0.134400E-01	0.134897E-01	-.497299E-04	-.370014E+00
0.130800E+01	0.298150E+03	0.421500E+02	0.708000E-02	0.694732E-02	0.132681E-03	0.187403E+01
0.413000E+00	0.298150E+03	0.421500E+02	0.237000E-02	0.240481E-02	-.348149E-04	-.146898E+01
0.446700E+01	0.293150E+03	0.421500E+02	0.199500E-01	0.202698E-01	-.319779E-03	-.160290E+01
0.278900E+01	0.293150E+03	0.421500E+02	0.147400E-01	0.148165E-01	-.764691E-04	-.518786E+00
0.128200E+01	0.293150E+03	0.421500E+02	0.779000E-02	0.770763E-02	0.823689E-04	0.105737E+01
0.395000E+00	0.293150E+03	0.421500E+02	0.256000E-02	0.254518E-02	0.148190E-04	0.578866E+00
0.443100E+01	0.288150E+03	0.421500E+02	0.219800E-01	0.217820E-01	0.197991E-03	0.900780E+00
0.275700E+01	0.288150E+03	0.421500E+02	0.164300E-01	0.165053E-01	-.753191E-04	-.458424E+00
0.125200E+01	0.288150E+03	0.421500E+02	0.874000E-02	0.867547E-02	0.645278E-04	0.738304E+00
0.381000E+00	0.288150E+03	0.421500E+02	0.285000E-02	0.280925E-02	0.407510E-04	0.142986E+01
0.272200E+01	0.283150E+03	0.421500E+02	0.185800E-01	0.185434E-01	0.365774E-04	0.196864E+00
0.121500E+01	0.283150E+03	0.421500E+02	0.983000E-02	0.980805E-02	0.219488E-04	0.223284E+00
0.366000E+00	0.283150E+03	0.421500E+02	0.317000E-02	0.315898E-02	0.110203E-04	0.347644E+00
0.268300E+01	0.278150E+03	0.421500E+02	0.209100E-01	0.209194E-01	-.940770E-05	-.449914E-01
0.117100E+01	0.278150E+03	0.421500E+02	0.111200E-01	0.110698E-01	0.501755E-04	0.451219E+00
0.353000E+00	0.278150E+03	0.421500E+02	0.360000E-02	0.361193E-02	-.119290E-04	-.331361E+00
0.263800E+01	0.273150E+03	0.421500E+02	0.235300E-01	0.236133E-01	-.833385E-04	-.354180E+00
0.112800E+01	0.273150E+03	0.421500E+02	0.126200E-01	0.124932E-01	0.126780E-03	0.100459E+01
0.340000E+00	0.273150E+03	0.421500E+02	0.409000E-02	0.414589E-02	-.558885E-04	-.136647E+01
0.481000E+01	0.298150E+03	0.424420E+02	0.202000E-01	0.199147E-01	0.285293E-03	0.141234E+01
0.268600E+01	0.298150E+03	0.424420E+02	0.129200E-01	0.129560E-01	-.360106E-04	-.278720E+00
0.129600E+01	0.298150E+03	0.424420E+02	0.701000E-02	0.688433E-02	0.125667E-03	0.179269E+01
0.417000E+00	0.298150E+03	0.424420E+02	0.235000E-02	0.242503E-02	-.750332E-04	-.319290E+01
0.477700E+01	0.293150E+03	0.424420E+02	0.206400E-01	0.209743E-01	-.334322E-03	-.161978E+01
0.265600E+01	0.293150E+03	0.424420E+02	0.142000E-01	0.142602E-01	-.602117E-04	-.424026E+00
0.127600E+01	0.293150E+03	0.424420E+02	0.776000E-02	0.766852E-02	0.914801E-04	0.117887E+01
0.410000E+00	0.293150E+03	0.424420E+02	0.258000E-02	0.263695E-02	-.569511E-04	-.220741E+01
0.473700E+01	0.288150E+03	0.424420E+02	0.227100E-01	0.223376E-01	0.372437E-03	0.163997E+01
0.262000E+01	0.288150E+03	0.424420E+02	0.158300E-01	0.158989E-01	-.688571E-04	-.434978E+00
0.125200E+01	0.288150E+03	0.424420E+02	0.874000E-02	0.866755E-02	0.724504E-04	0.828952E+00
0.401000E+00	0.288150E+03	0.424420E+02	0.290000E-02	0.295287E-02	-.528684E-04	-.182305E+01
0.257700E+01	0.283150E+03	0.424420E+02	0.178700E-01	0.178576E-01	0.124370E-04	0.695972E-01
0.122400E+01	0.283150E+03	0.424420E+02	0.988000E-02	0.986260E-02	0.173999E-04	0.176112E+00
0.391000E+00	0.283150E+03	0.424420E+02	0.331000E-02	0.336987E-02	-.598681E-04	-.180870E+01
0.252500E+01	0.278150E+03	0.424420E+02	0.200600E-01	0.201120E-01	-.519631E-04	-.259038E+00
0.118900E+01	0.278150E+03	0.424420E+02	0.112600E-01	0.112065E-01	0.535097E-04	0.475219E+00
0.379000E+00	0.278150E+03	0.424420E+02	0.381000E-02	0.386852E-02	-.585233E-04	-.153604E+01
0.248400E+01	0.273150E+03	0.424420E+02	0.227100E-01	0.227543E-01	-.442737E-04	-.194953E+00
0.115100E+01	0.273150E+03	0.424420E+02	0.128300E-01	0.126986E-01	0.131401E-03	0.102417E+01
0.364000E+00	0.273150E+03	0.424420E+02	0.434000E-02	0.442156E-02	-.815622E-04	-.187931E+01
0.472800E+01	0.298150E+03	0.443340E+02	0.198100E-01	0.195771E-01	0.232909E-03	0.117571E+01
0.270800E+01	0.298150E+03	0.443340E+02	0.129300E-01	0.129680E-01	-.380188E-04	-.294035E+00
0.131700E+01	0.298150E+03	0.443340E+02	0.708000E-02	0.694926E-02	0.130736E-03	0.184655E+01
0.325000E+00	0.298150E+03	0.443340E+02	0.182000E-02	0.192573E-02	-.105728E-03	-.580926E+01
0.469700E+01	0.293150E+03	0.443340E+02	0.203500E-01	0.206729E-01	-.322875E-03	-.158661E+01
0.267600E+01	0.293150E+03	0.443340E+02	0.142000E-01	0.142569E-01	-.569303E-04	-.400917E+00
0.129600E+01	0.293150E+03	0.443340E+02	0.782000E-02	0.773254E-02	0.874613E-04	0.111843E+01
0.321000E+00	0.293150E+03	0.443340E+02	0.201000E-02	0.207431E-02	-.643113E-04	-.319957E+01
0.466000E+01	0.288150E+03	0.443340E+02	0.224100E-01	0.220855E-01	0.324454E-03	0.144781E+01
0.264100E+01	0.288150E+03	0.443340E+02	0.158200E-01	0.158951E-01	-.750823E-04	-.474604E+00
0.127300E+01	0.288150E+03	0.443340E+02	0.881000E-02	0.874410E-02	0.659027E-04	0.748044E+00
0.315000E+00	0.288150E+03	0.443340E+02	0.228000E-02	0.231445E-02	-.344469E-04	-.151083E+01
0.259600E+01	0.283150E+03	0.443340E+02	0.178600E-01	0.178426E-01	0.173616E-04	0.972092E-01
0.124500E+01	0.283150E+03	0.443340E+02	0.997000E-02	0.994924E-02	0.207586E-04	0.208211E+00
0.309000E+00	0.283150E+03	0.443340E+02	0.262000E-02	0.265339E-02	-.333877E-04	-.127434E+01
0.254900E+01	0.278150E+03	0.443340E+02	0.200700E-01	0.201230E-01	-.529861E-04	-.264007E+00
0.121000E+01	0.278150E+03	0.443340E+02	0.113600E-01	0.113067E-01	0.533496E-04	0.469626E+00
0.301000E+00	0.278150E+03	0.443340E+02	0.302000E-02	0.306750E-02	-.475023E-04	-.157292E+01
0.253600E+01	0.273150E+03	0.443340E+02	0.228700E-01	0.229255E-01	-.554590E-04	-.242497E+00
0.117000E+01	0.273150E+03	0.443340E+02	0.129200E-01	0.127970E-01	0.122962E-03	0.951720E+00
0.292000E+00	0.273150E+03	0.443340E+02	0.350000E-02	0.355498E-02	-.549761E-04	-.157074E+01
0.375100E+01	0.298150E+03	0.487160E+02	0.163500E-01	0.164598E-01	-.109767E-03	-.671360E+00
0.272900E+01	0.298150E+03	0.487160E+02	0.128200E-01	0.128725E-01	-.524536E-04	-.409155E+00
0.132400E+01	0.298150E+03	0.487160E+02	0.704000E-02	0.689744E-02	0.142563E-03	0.202504E+01
0.413000E+00	0.298150E+03	0.487160E+02	0.229000E-02	0.237769E-02	-.876865E-04	-.382910E+01
0.371800E+01	0.293150E+03	0.487160E+02	0.175400E-01	0.177721E-01	-.232121E-03	-.132338E+01
0.270100E+01	0.293150E+03	0.487160E+02	0.140900E-01	0.141531E-01	-.631193E-04	-.447972E+00
0.130400E+01	0.293150E+03	0.487160E+02	0.776000E-02	0.767006E-02	0.899445E-04	0.115908E+01
0.392000E+00	0.293150E+03	0.487160E+02	0.241000E-02	0.249370E-02	-.836986E-04	-.347297E+01
0.367900E+01	0.288150E+03	0.487160E+02	0.194100E-01	0.194568E-01	-.468085E-04	-.241157E+00
0.266500E+01	0.288150E+03	0.487160E+02	0.156900E-01	0.157692E-01	-.792433E-04	-.505056E+00
0.128000E+01	0.288150E+03	0.487160E+02	0.874000E-02	0.866067E-02	0.793287E-04	0.907651E+00
0.374000E+00	0.288150E+03	0.487160E+02	0.266000E-02	0.271632E-02	-.563231E-04	-.211741E+01
0.262300E+01	0.283150E+03	0.487160E+02	0.177500E-01	0.177185E-01	0.314545E-04	0.177208E+00
0.125300E+01	0.283150E+03	0.487160E+02	0.989000E-02	0.985757E-02	0.324265E-04	0.327871E+00
0.355000E+00	0.283150E+03	0.487160E+02	0.295000E-02	0.301099E-02	-.609900E-04	-.206746E+01
0.257400E+01	0.278150E+03	0.487160E+02	0.199400E-01	0.199829E-01	-.429023E-04	-.215157E+00
0.122100E+01	0.278150E+03	0.487160E+02	0.112800E-01	0.112256E-01	0.544376E-04	0.482603E+00
0.336000E+00	0.278150E+03	0.487160E+02	0.333000E-02	0.337256E-02	-.425639E-04	-.127820E+01
0.250800E+01	0.273150E+03	0.487160E+02	0.224400E-01	0.224880E-01	-.480129E-04	-.213961E+00
0.118200E+01	0.273150E+03	0.487160E+02	0.128400E-01	0.127165E-01	0.123520E-03	0.961993E+00
0.316000E+00	0.273150E+03	0.487160E+02	0.368000E-02	0.377820E-02	-.981964E-04	-.266838E+01
0.461000E+01	0.298150E+03	0.499070E+02	0.190600E-01	0.189032E-01	0.156775E-03	0.822535E+00
0.280500E+01	0.298150E+03	0.499070E+02	0.130500E-01	0.131109E-01	-.609006E-04	-.466671E+00
0.125400E+01	0.298150E+03	0.499070E+02	0.669000E-02	0.654594E-02	0.144061E-03	0.215338E+01
0.350000E+00	0.298150E+03	0.499070E+02	0.193000E-02	0.204259E-02	-.112590E-03	-.583369E+01
0.459100E+01	0.293150E+03	0.499070E+02	0.197500E-01	0.200584E-01	-.308421E-03	-.156162E+01
0.277400E+01	0.293150E+03	0.499070E+02	0.143100E-01	0.143853E-01	-.752698E-04	-.525995E+00
0.123300E+01	0.293150E+03	0.499070E+02	0.736000E-02	0.726624E-02	0.937649E-04	0.127398E+01
0.342000E+00	0.293150E+03	0.499070E+02	0.210000E-02	0.218371E-02	-.837116E-04	-.398627E+01
0.456900E+01	0.288150E+03	0.499070E+02	0.218200E-01	0.215588E-01	0.261234E-03	0.119722E+01
0.273600E+01	0.288150E+03	0.499070E+02	0.159200E-01	0.160041E-01	-.840968E-04	-.528247E+00
0.121100E+01	0.288150E+03	0.499070E+02	0.829000E-02	0.821072E-02	0.792812E-04	0.956347E+00
0.334000E+00	0.288150E+03	0.499070E+02	0.236000E-02	0.242403E-02	-.640278E-04	-.271304E+01
0.269400E+01	0.283150E+03	0.499070E+02	0.180100E-01	0.179705E-01	0.394883E-04	0.219257E+00
0.118700E+01	0.283150E+03	0.499070E+02	0.940000E-02	0.936089E-02	0.391131E-04	0.416097E+00
0.325000E+00	0.283150E+03	0.499070E+02	0.271000E-02	0.275051E-02	-.405132E-04	-.149495E+01
0.264600E+01	0.278150E+03	0.499070E+02	0.202400E-01	0.202644E-01	-.244006E-04	-.120556E+00
0.115600E+01	0.278150E+03	0.499070E+02	0.107300E-01	0.106608E-01	0.692259E-04	0.645162E+00
0.315000E+00	0.278150E+03	0.499070E+02	0.310000E-02	0.315418E-02	-.541822E-04	-.174781E+01
0.258500E+01	0.273150E+03	0.499070E+02	0.227600E-01	0.228322E-01	-.721850E-04	-.317157E+00
0.111800E+01	0.273150E+03	0.499070E+02	0.122000E-01	0.120737E-01	0.126320E-03	0.103541E+01
0.303000E+00	0.273150E+03	0.499070E+02	0.352000E-02	0.361334E-02	-.933400E-04	-.265171E+01
0.456700E+01	0.298150E+03	0.528910E+02	0.187200E-01	0.185937E-01	0.126324E-03	0.674807E+00
0.291800E+01	0.298150E+03	0.528910E+02	0.133100E-01	0.133994E-01	-.893665E-04	-.671424E+00
0.132900E+01	0.298150E+03	0.528910E+02	0.699000E-02	0.683697E-02	0.153026E-03	0.218921E+01
0.263000E+00	0.298150E+03	0.528910E+02	0.144000E-02	0.157800E-02	-.138004E-03	-.958358E+01
0.453700E+01	0.293150E+03	0.528910E+02	0.194200E-01	0.197281E-01	-.308134E-03	-.158668E+01
0.288500E+01	0.293150E+03	0.528910E+02	0.145700E-01	0.146626E-01	-.925819E-04	-.635429E+00
0.131000E+01	0.293150E+03	0.528910E+02	0.770000E-02	0.759730E-02	0.102697E-03	0.133373E+01
0.258000E+00	0.293150E+03	0.528910E+02	0.158000E-02	0.166242E-02	-.824187E-04	-.521638E+01
0.451300E+01	0.288150E+03	0.528910E+02	0.214800E-01	0.212524E-01	0.227597E-03	0.105958E+01
0.285200E+01	0.288150E+03	0.528910E+02	0.162200E-01	0.163088E-01	-.888250E-04	-.547627E+00
0.128500E+01	0.288150E+03	0.528910E+02	0.865000E-02	0.856555E-02	0.844519E-04	0.976322E+00
0.253000E+00	0.288150E+03	0.528910E+02	0.178000E-02	0.183306E-02	-.530569E-04	-.298073E+01
0.281100E+01	0.283150E+03	0.528910E+02	0.183600E-01	0.182999E-01	0.600617E-04	0.327133E+00
0.126100E+01	0.283150E+03	0.528910E+02	0.981000E-02	0.976570E-02	0.443018E-04	0.451599E+00
0.247000E+00	0.283150E+03	0.528910E+02	0.204000E-02	0.207854E-02	-.385449E-04	-.188946E+01
0.276400E+01	0.278150E+03	0.528910E+02	0.206000E-01	0.206325E-01	-.325312E-04	-.157918E+00
0.122800E+01	0.278150E+03	0.528910E+02	0.108400E-01	0.111123E-01	-.272272E-03	-.251174E+01
0.239000E+00	0.278150E+03	0.528910E+02	0.232000E-02	0.238169E-02	-.616895E-04	-.265903E+01
0.275700E+01	0.273150E+03	0.528910E+02	0.233900E-01	0.235214E-01	-.131407E-03	-.561809E+00
0.118500E+01	0.273150E+03	0.528910E+02	0.126800E-01	0.125533E-01	0.126654E-03	0.998848E+00
0.230000E+00	0.273150E+03	0.528910E+02	0.266000E-02	0.274045E-02	-.804484E-04	-.302438E+01
0.464400E+01	0.298150E+03	0.554910E+02	0.187900E-01	0.186214E-01	0.168637E-03	0.897483E+00
0.275900E+01	0.298150E+03	0.554910E+02	0.126300E-01	0.127000E-01	-.700041E-04	-.554268E+00
0.133000E+01	0.298150E+03	0.554910E+02	0.694000E-02	0.678811E-02	0.151892E-03	0.218865E+01
0.419000E+00	0.298150E+03	0.554910E+02	0.238000E-02	0.237868E-02	0.131790E-05	0.553738E-01
0.461400E+01	0.293150E+03	0.554910E+02	0.194200E-01	0.197226E-01	-.302601E-03	-.155819E+01
0.273000E+01	0.293150E+03	0.554910E+02	0.138700E-01	0.139328E-01	-.628482E-04	-.453123E+00
0.131200E+01	0.293150E+03	0.554910E+02	0.764000E-02	0.754084E-02	0.991590E-04	0.129789E+01
0.413000E+00	0.293150E+03	0.554910E+02	0.259000E-02	0.258335E-02	0.664713E-05	0.256646E+00
0.457600E+01	0.288150E+03	0.554910E+02	0.214600E-01	0.211979E-01	0.262115E-03	0.122141E+01
0.269400E+01	0.288150E+03	0.554910E+02	0.154400E-01	0.155170E-01	-.769590E-04	-.498439E+00
0.129000E+01	0.288150E+03	0.554910E+02	0.860000E-02	0.851459E-02	0.854095E-04	0.993134E+00
0.405000E+00	0.288150E+03	0.554910E+02	0.292000E-02	0.288692E-02	0.330802E-04	0.113288E+01
0.265200E+01	0.283150E+03	0.554910E+02	0.174900E-01	0.174452E-01	0.448387E-04	0.256368E+00
0.126300E+01	0.283150E+03	0.554910E+02	0.974000E-02	0.968496E-02	0.550439E-04	0.565133E+00
0.396000E+00	0.283150E+03	0.554910E+02	0.332000E-02	0.328698E-02	0.330173E-04	0.994497E+00
0.260100E+01	0.278150E+03	0.554910E+02	0.196400E-01	0.196884E-01	-.483990E-04	-.246431E+00
0.123000E+01	0.278150E+03	0.554910E+02	0.110900E-01	0.110195E-01	0.704663E-04	0.635404E+00
0.385000E+00	0.278150E+03	0.554910E+02	0.384000E-02	0.376539E-02	0.746113E-04	0.194300E+01
0.256600E+01	0.273150E+03	0.554910E+02	0.222800E-01	0.223597E-01	-.797094E-04	-.357762E+00
0.119200E+01	0.273150E+03	0.554910E+02	0.126200E-01	0.124937E-01	0.126306E-03	0.100084E+01
0.370000E+00	0.273150E+03	0.554910E+02	0.430000E-02	0.428541E-02	0.145926E-04	0.339362E+00
