average root mean square deviation     0.1311707369E-03
average relative deviation    -0.2031019695E+00  %
maximim relative deviation     0.1149971364E-01  %
average absolut deviation    0.8480877827E-08
maximum absolut deviation    0.1193670276E-05
a 0 0 0    0.9243785391E-01
a 0 0 1    0.4025146000E-03
a 0 0 2   -0.1625044523E-04
a 0 1 0   -0.6460871629E-03
a 0 1 1   -0.3093530226E-05
a 0 1 2    0.1162991466E-06
a 0 2 0    0.1127334736E-05
a 0 2 1    0.5877335877E-08
a 0 2 2   -0.2071978597E-09
a 1 0 0    0.4532392564E+00
a 1 0 1   -0.2705077581E-03
a 1 0 2   -0.2578204780E-05
a 1 1 0   -0.2797444627E-02
a 1 1 1    0.1599223001E-05
a 1 1 2    0.5420515089E-08
a 1 2 0    0.4354204401E-05
a 1 2 1   -0.2460165395E-08
a 1 2 2    0.1013634510E-10
a 2 0 0   -0.6750429464E-01
a 2 0 1   -0.5230919244E-03
a 2 0 2    0.1123095384E-04
a 2 1 0    0.4173312031E-03
a 2 1 1    0.3635561195E-05
a 2 1 2   -0.7445552564E-07
a 2 2 0   -0.6441146787E-06
a 2 2 1   -0.6304857481E-08
a 2 2 2    0.1234286436E-09
